<?xml version="1.0" encoding="UTF-8"?>
<!-- Generated by org.testng.reporters.JUnitReportReporter -->
<testsuite hostname="Srinivas" name="com.nopCommerceV1.testCases.TC_AddtoCartTest_001" tests="1" failures="0" timestamp="13 Apr 2022 13:54:18 GMT" time="26.473" errors="0">
  <testcase name="addtoCartTest" time="26.473" classname="com.nopCommerceV1.testCases.TC_AddtoCartTest_001"/>
</testsuite> <!-- com.nopCommerceV1.testCases.TC_AddtoCartTest_001 -->
