<?xml version="1.0" encoding="UTF-8"?>
<!-- Generated by org.testng.reporters.JUnitReportReporter -->
<testsuite hostname="Srinivas" name="com.nopCommerceV1.testCases.TC_RegisterTest_001" tests="1" failures="0" timestamp="11 Apr 2022 09:19:16 GMT" time="6.528" errors="0">
  <testcase name="RegisterTest" time="6.528" classname="com.nopCommerceV1.testCases.TC_RegisterTest_001"/>
</testsuite> <!-- com.nopCommerceV1.testCases.TC_RegisterTest_001 -->
